{"ts":"2026-02-26T18:52:30.919Z","user":"Ronald Quiroga","fileName":"Listado PAI Marzo.xlsx","sheet":"PAI","column":"SKU","excelRows":295,"matchedInDPOFE":0}
{"ts":"2026-02-26T19:12:51.083Z","user":"Ronald Quiroga","fileName":"Listado PAI Marzo.xlsx","sheet":"PAI","column":"SKU","excelRows":295,"matchedInDPOFE":0}
{"ts":"2026-02-26T19:27:37.396Z","user":"Ronald Quiroga","fileName":"Listado PAI Marzo.xlsx","sheet":"PAI","column":"SKU","excelRows":295,"matchedInDPOFE":0}
{"ts":"2026-02-26T19:41:15.486Z","user":"Ronald Quiroga","fileName":"Listado PAI Marzo.xlsx","sheet":"PAI","column":"SKU","excelRows":295,"matchedInDPOFE":0}
{"ts":"2026-02-26T19:42:10.032Z","user":"Ronald Quiroga","fileName":"Listado PAI Marzo.xlsx","sheet":"PAI","column":"SKU","excelRows":295,"matchedInDPOFE":0}
{"ts":"2026-02-26T19:52:17.610Z","user":"Ronald Quiroga","fileName":"Listado PAI Marzo.xlsx","sheet":"PAI","column":"SKU","excelRows":295,"matchedInDPOFE":0}
{"ts":"2026-02-26T20:04:15.732Z","user":"Ronald Quiroga","fileName":"Listado PAI Marzo.xlsx","sheet":"PAI","skuCol":"SKU","descCol":"DESCRIPCION","excelRows":295}
{"ts":"2026-02-26T20:38:02.129Z","user":"Ronald Quiroga","fileName":"Listado PAI Marzo.xlsx","sheet":"PAI","skuCol":"SKU","descCol":"DESCRIPCION","excelRows":295}
{"ts":"2026-02-26T21:08:51.455Z","user":"Ronald Quiroga","fileName":"Listado PAI Marzo.xlsx","sheet":"PAI","skuCol":"SKU","descCol":"DESCRIPCION","excelRows":295}
{"ts":"2026-02-26T21:17:12.245Z","user":"Ronald Quiroga","fileName":"Listado PAI Marzo.xlsx","sheet":"PAI","skuCol":"SKU","descCol":"DESCRIPCION","excelRows":295}
{"ts":"2026-03-02T19:09:28.013Z","user":"Ronald Quiroga","fileName":"Listado PAI Marzo.xlsx","sheet":"PAI","skuCol":"SKU","descCol":"DESCRIPCION","excelRows":295}
{"ts":"2026-03-16T13:28:30.170Z","user":"Ronald Quiroga","fileName":"Listado PAI Marzo.xlsx","sheet":"PAI","skuCol":"SKU","descCol":"DESCRIPCION","excelRows":295}
{"ts":"2026-03-16T13:36:56.826Z","user":"Ronald Quiroga","fileName":"Listado PAI Marzo.xlsx","sheet":"PAI","skuCol":"SKU","descCol":"DESCRIPCION","excelRows":295}
{"ts":"2026-03-16T13:59:33.243Z","user":"Ronald Quiroga","fileName":"Listado PAI Marzo.xlsx","sheet":"PAI","skuCol":"SKU","descCol":"DESCRIPCION","excelRows":295}
{"ts":"2026-03-16T14:52:35.860Z","user":"Ronald Quiroga","fileName":"Listado PAI Marzo.xlsx","sheet":"PAI","skuCol":"SKU","descCol":"DESCRIPCION","excelRows":295}
{"ts":"2026-03-20T15:27:10.014Z","user":"Ronald Quiroga","fileName":"Listado PAI Marzo.xlsx","sheet":"PAI","skuCol":"SKU","descCol":"DESCRIPCION","excelRows":295}
{"ts":"2026-03-20T16:09:56.495Z","user":"test-user","fileName":"Listado PAI Marzo.xlsx","sheet":"PAI","skuCol":"SKU","descCol":"DESCRIPCION","excelRows":295}
{"ts":"2026-03-20T16:10:22.534Z","user":"frontend-user","fileName":"Listado PAI Marzo.xlsx","sheet":"PAI","skuCol":"SKU","descCol":"DESCRIPCION","excelRows":295}
{"ts":"2026-03-20T16:18:12.577Z","user":"test-user","fileName":"Listado PAI Marzo.xlsx","sheet":"PAI","skuCol":"SKU","descCol":"DESCRIPCION","excelRows":295}
{"ts":"2026-03-20T16:21:25.116Z","user":"test-user","fileName":"Listado PAI Marzo.xlsx","sheet":"PAI","skuCol":"SKU","descCol":"DESCRIPCION","excelRows":295}
{"ts":"2026-03-20T16:21:49.329Z","user":"test-user","fileName":"Listado PAI Marzo.xlsx","sheet":"PAI","skuCol":"SKU","descCol":"DESCRIPCION","excelRows":295}
{"ts":"2026-03-20T16:22:59.740Z","user":"frontend-user","fileName":"Listado PAI Marzo.xlsx","sheet":"PAI","skuCol":"SKU","descCol":"DESCRIPCION","excelRows":295}
{"ts":"2026-03-23T15:44:49.655Z","user":"frontend-user","fileName":"Listado PAI Marzo.xlsx","sheet":"PAI","skuCol":"SKU","descCol":"DESCRIPCION","excelRows":295}
{"ts":"2026-03-23T19:37:02.350Z","user":"frontend-user","fileName":"Listado PAI Marzo.xlsx","sheet":"PAI","skuCol":"SKU","descCol":"DESCRIPCION","excelRows":295}
{"ts":"2026-03-23T19:43:55.794Z","user":"frontend-user","fileName":"Listado PAI Marzo.xlsx","sheet":"PAI","skuCol":"SKU","descCol":"DESCRIPCION","excelRows":295}
{"ts":"2026-03-23T19:46:39.703Z","user":"frontend-user","fileName":"Listado PAI Marzo.xlsx","sheet":"PAI","skuCol":"SKU","descCol":"DESCRIPCION","excelRows":295}
{"ts":"2026-04-27T13:28:36.373Z","user":"Ronald Quiroga","fileName":"Listado PAI Marzo.xlsx","sheet":"PAI","skuCol":"SKU","descCol":"DESCRIPCION","excelRows":295}
{"ts":"2026-04-27T13:30:16.559Z","user":"Ronald Quiroga","fileName":"Acrilicos pai Mayo.xlsx","sheet":"PAI MAYO","skuCol":"UPC","descCol":"DESCRIPCION","excelRows":209}
{"ts":"2026-04-27T13:32:42.013Z","user":"frontend-user","fileName":"Acrilicos pai Mayo.xlsx","sheet":"PAI MAYO","skuCol":"UPC","descCol":"DESCRIPCION","excelRows":209}
